#
# There is insufficient memory for the Java Runtime Environment to continue.
# Native memory allocation (mmap) failed to map 268435456 bytes for Failed to commit area from 0x0000000701600000 to 0x0000000711600000 of length 268435456.
# Possible reasons:
#   The system is out of physical RAM or swap space
#   The process is running with CompressedOops enabled, and the Java Heap may be blocking the growth of the native heap
# Possible solutions:
#   Reduce memory load on the system
#   Increase physical memory or swap space
#   Check if swap backing store is full
#   Decrease Java heap size (-Xmx/-Xms)
#   Decrease number of Java threads
#   Decrease Java thread stack sizes (-Xss)
#   Set larger code cache with -XX:ReservedCodeCacheSize=
#   JVM is running with Zero Based Compressed Oops mode in which the Java heap is
#     placed in the first 32GB address space. The Java Heap base address is the
#     maximum limit for the native heap growth. Please use -XX:HeapBaseMinAddress
#     to set the Java Heap base and to place the Java Heap above 32GB virtual address.
# This output file may be truncated or incomplete.
#
#  Out of Memory Error (./open/src/hotspot/os/windows/os_windows.cpp:3315), pid=9080, tid=5332
#
# JRE version:  (14.0.2+12) (build )
# Java VM: OpenJDK 64-Bit Server VM (14.0.2+12-46, mixed mode, sharing, tiered, compressed oops, g1 gc, windows-amd64)
# No core dump will be written. Minidumps are not enabled by default on client versions of Windows
#

---------------  S U M M A R Y ------------

Command Line: -Dfile.encoding=Cp1252 -XX:+ShowCodeDetailsInExceptionMessages gui.test

Host: Intel(R) Core(TM) i5-9600K CPU @ 3.70GHz, 6 cores, 15G,  Windows 10 , 64 bit Build 18362 (10.0.18362.1110)
Time: Fri Jan  8 17:05:26 2021 GTB Standard Time elapsed time: 0 seconds (0d 0h 0m 0s)

---------------  T H R E A D  ---------------

Current thread (0x00000255a9190000):  JavaThread "Unknown thread" [_thread_in_vm, id=5332, stack(0x0000009ad8d00000,0x0000009ad8e00000)]

Stack: [0x0000009ad8d00000,0x0000009ad8e00000]
Native frames: (J=compiled Java code, j=interpreted, Vv=VM code, C=native code)
V  [jvm.dll+0x5f8a9a]
V  [jvm.dll+0x74247a]
V  [jvm.dll+0x743c2f]
V  [jvm.dll+0x744273]
V  [jvm.dll+0x20d288]
V  [jvm.dll+0x5f5dea]
V  [jvm.dll+0x5eac45]
V  [jvm.dll+0x2c7e9c]
V  [jvm.dll+0x2c7cd2]
V  [jvm.dll+0x2cdbbc]
V  [jvm.dll+0x313fe8]
V  [jvm.dll+0x313710]
V  [jvm.dll+0x2a092a]
V  [jvm.dll+0x2a1a79]
V  [jvm.dll+0x71fd48]
V  [jvm.dll+0x321c14]
V  [jvm.dll+0x70112c]
V  [jvm.dll+0x392def]
V  [jvm.dll+0x394e61]
C  [jli.dll+0x524b]
C  [ucrtbase.dll+0x210b2]
C  [KERNEL32.DLL+0x17c24]
C  [ntdll.dll+0x6d4d1]


---------------  P R O C E S S  ---------------

Threads class SMR info:
_java_thread_list=0x00007ffb4ab73038, length=0, elements={
}

Java Threads: ( => current thread )

Other Threads:
  0x00000255a91f9000 GCTaskThread "GC Thread#0" [stack: 0x0000009ad8e00000,0x0000009ad8f00000] [id=14404]
  0x00000255a921a800 ConcurrentGCThread "G1 Main Marker" [stack: 0x0000009ad8f00000,0x0000009ad9000000] [id=1036]
  0x00000255a921c000 ConcurrentGCThread "G1 Conc#0" [stack: 0x0000009ad9000000,0x0000009ad9100000] [id=496]

[error occurred during error reporting (printing all threads), id 0xc0000005, EXCEPTION_ACCESS_VIOLATION (0xc0000005) at pc=0x00007ffb4a3a1257]

VM state:not at safepoint (not fully initialized)

VM Mutex/Monitor currently owned by a thread:  ([mutex/lock_event])
[0x00000255a918c960] Heap_lock - owner thread: 0x00000255a9190000

Heap address: 0x0000000701600000, size: 4074 MB, Compressed Oops mode: Zero based, Oop shift amount: 3
Narrow klass base: 0x0000000000000000, Narrow klass shift: 0

GC Heap History (0 events):
No events

Deoptimization events (0 events):
No events

Classes unloaded (0 events):
No events

Classes redefined (0 events):
No events

Internal exceptions (0 events):
No events

Events (2 events):
Event: 0.004 Loaded shared library C:\Users\sc\.p2\pool\plugins\org.eclipse.justj.openjdk.hotspot.jre.full.win32.x86_64_14.0.2.v20200815-0932\jre\bin\java.dll
Event: 0.004 Loaded shared library C:\Users\sc\.p2\pool\plugins\org.eclipse.justj.openjdk.hotspot.jre.full.win32.x86_64_14.0.2.v20200815-0932\jre\bin\zip.dll


Dynamic libraries:
0x00007ff60a1f0000 - 0x00007ff60a1fd000 	C:\Users\sc\.p2\pool\plugins\org.eclipse.justj.openjdk.hotspot.jre.full.win32.x86_64_14.0.2.v20200815-0932\jre\bin\javaw.exe
0x00007ffba75e0000 - 0x00007ffba77d0000 	C:\WINDOWS\SYSTEM32\ntdll.dll
0x00007ffba5760000 - 0x00007ffba5812000 	C:\WINDOWS\System32\KERNEL32.DLL
0x00007ffba5130000 - 0x00007ffba53d5000 	C:\WINDOWS\System32\KERNELBASE.dll
0x00007ffba5410000 - 0x00007ffba550a000 	C:\WINDOWS\System32\ucrtbase.dll
0x00007ffb992d0000 - 0x00007ffb992e8000 	C:\Users\sc\.p2\pool\plugins\org.eclipse.justj.openjdk.hotspot.jre.full.win32.x86_64_14.0.2.v20200815-0932\jre\bin\jli.dll
0x00007ffb98d70000 - 0x00007ffb98d85000 	C:\Users\sc\.p2\pool\plugins\org.eclipse.justj.openjdk.hotspot.jre.full.win32.x86_64_14.0.2.v20200815-0932\jre\bin\VCRUNTIME140.dll
0x00007ffba6c00000 - 0x00007ffba6d94000 	C:\WINDOWS\System32\USER32.dll
0x00007ffba4d00000 - 0x00007ffba4d21000 	C:\WINDOWS\System32\win32u.dll
0x00007ffb974a0000 - 0x00007ffb97724000 	C:\WINDOWS\WinSxS\amd64_microsoft.windows.common-controls_6595b64144ccf1df_6.0.18362.1256_none_9e7e379be45e40e2\COMCTL32.dll
0x00007ffba62c0000 - 0x00007ffba62e6000 	C:\WINDOWS\System32\GDI32.dll
0x00007ffba6370000 - 0x00007ffba640e000 	C:\WINDOWS\System32\msvcrt.dll
0x00007ffba4d30000 - 0x00007ffba4ec6000 	C:\WINDOWS\System32\gdi32full.dll
0x00007ffba6720000 - 0x00007ffba6a56000 	C:\WINDOWS\System32\combase.dll
0x00007ffba55f0000 - 0x00007ffba568e000 	C:\WINDOWS\System32\msvcp_win.dll
0x00007ffba65a0000 - 0x00007ffba66c0000 	C:\WINDOWS\System32\RPCRT4.dll
0x00007ffba5510000 - 0x00007ffba5591000 	C:\WINDOWS\System32\bcryptPrimitives.dll
0x00007ffba7300000 - 0x00007ffba732e000 	C:\WINDOWS\System32\IMM32.DLL
0x00007ffb98a00000 - 0x00007ffb98a9b000 	C:\Users\sc\.p2\pool\plugins\org.eclipse.justj.openjdk.hotspot.jre.full.win32.x86_64_14.0.2.v20200815-0932\jre\bin\msvcp140.dll
0x00007ffb4a0f0000 - 0x00007ffb4ac0e000 	C:\Users\sc\.p2\pool\plugins\org.eclipse.justj.openjdk.hotspot.jre.full.win32.x86_64_14.0.2.v20200815-0932\jre\bin\server\jvm.dll
0x00007ffba59c0000 - 0x00007ffba5a63000 	C:\WINDOWS\System32\ADVAPI32.dll
0x00007ffba7500000 - 0x00007ffba7597000 	C:\WINDOWS\System32\sechost.dll
0x00007ffba6da0000 - 0x00007ffba6da8000 	C:\WINDOWS\System32\PSAPI.DLL
0x00007ffb72df0000 - 0x00007ffb72df9000 	C:\WINDOWS\SYSTEM32\WSOCK32.dll
0x00007ffba1f70000 - 0x00007ffba1f94000 	C:\WINDOWS\SYSTEM32\WINMM.dll
0x00007ffba6530000 - 0x00007ffba659f000 	C:\WINDOWS\System32\WS2_32.dll
0x00007ffb9c8f0000 - 0x00007ffb9c8fa000 	C:\WINDOWS\SYSTEM32\VERSION.dll
0x00007ffba1f40000 - 0x00007ffba1f6d000 	C:\WINDOWS\SYSTEM32\winmmbase.dll
0x00007ffba55a0000 - 0x00007ffba55ea000 	C:\WINDOWS\System32\cfgmgr32.dll
0x00007ffba4490000 - 0x00007ffba44a1000 	C:\WINDOWS\System32\kernel.appcore.dll
0x00007ffba0870000 - 0x00007ffba087a000 	C:\Users\sc\.p2\pool\plugins\org.eclipse.justj.openjdk.hotspot.jre.full.win32.x86_64_14.0.2.v20200815-0932\jre\bin\jimage.dll
0x00007ffba2b80000 - 0x00007ffba2d74000 	C:\WINDOWS\SYSTEM32\DBGHELP.DLL
0x00007ffb95050000 - 0x00007ffb9507a000 	C:\WINDOWS\SYSTEM32\dbgcore.DLL
0x00007ffb98b80000 - 0x00007ffb98ba5000 	C:\Users\sc\.p2\pool\plugins\org.eclipse.justj.openjdk.hotspot.jre.full.win32.x86_64_14.0.2.v20200815-0932\jre\bin\java.dll
0x00007ffb988d0000 - 0x00007ffb988e6000 	C:\Users\sc\.p2\pool\plugins\org.eclipse.justj.openjdk.hotspot.jre.full.win32.x86_64_14.0.2.v20200815-0932\jre\bin\zip.dll

dbghelp: loaded successfully - version: 4.0.5 - missing functions: none
symbol engine: initialized successfully - sym options: 0x614 - pdb path: .;C:\Users\sc\.p2\pool\plugins\org.eclipse.justj.openjdk.hotspot.jre.full.win32.x86_64_14.0.2.v20200815-0932\jre\bin;C:\WINDOWS\SYSTEM32;C:\WINDOWS\WinSxS\amd64_microsoft.windows.common-controls_6595b64144ccf1df_6.0.18362.1256_none_9e7e379be45e40e2;C:\Users\sc\.p2\pool\plugins\org.eclipse.justj.openjdk.hotspot.jre.full.win32.x86_64_14.0.2.v20200815-0932\jre\bin\server

VM Arguments:
jvm_args: -Dfile.encoding=Cp1252 -XX:+ShowCodeDetailsInExceptionMessages 
java_command: gui.test
java_class_path (initial): C:\Users\sc\eclipse-workspace\maven-test\target\classes;F:\Google Drive\Java\Java Lib\javax.activation-api-1.2.0.jar;F:\Google Drive\Java\Java Lib\jaxb-api-2.4.0-b180830.0359.jar;C:\Users\sc\eclipse-workspace\maven-test\miglayout15-swing.jar;C:\Users\sc\.m2\repository\javax\xml\bind\jaxb-api\2.3.0-b170201.1204\jaxb-api-2.3.0-b170201.1204.jar;C:\Users\sc\.m2\repository\javax\activation\activation\1.1\activation-1.1.jar;C:\Users\sc\.m2\repository\org\glassfish\jaxb\jaxb-runtime\2.3.0-b170127.1453\jaxb-runtime-2.3.0-b170127.1453.jar;C:\Users\sc\.m2\repository\org\glassfish\jaxb\jaxb-core\2.3.0-b170127.1453\jaxb-core-2.3.0-b170127.1453.jar;C:\Users\sc\.m2\repository\org\glassfish\jaxb\txw2\2.3.0-b170127.1453\txw2-2.3.0-b170127.1453.jar;C:\Users\sc\.m2\repository\com\sun\istack\istack-commons-runtime\3.0.4\istack-commons-runtime-3.0.4.jar;C:\Users\sc\.m2\repository\org\jvnet\staxex\stax-ex\1.7.8\stax-ex-1.7.8.jar;C:\Users\sc\.m2\repository\com\sun\xml\fastinfoset\FastInfoset\1.2.13\FastInfoset-1.2.13.jar
Launcher Type: SUN_STANDARD

[Global flags]
     intx CICompilerCount                          = 3                                         {product} {ergonomic}
     uint ConcGCThreads                            = 2                                         {product} {ergonomic}
     uint G1ConcRefinementThreads                  = 6                                         {product} {ergonomic}
   size_t G1HeapRegionSize                         = 1048576                                   {product} {ergonomic}
    uintx GCDrainStackTargetSize                   = 64                                        {product} {ergonomic}
   size_t InitialHeapSize                          = 268435456                                 {product} {ergonomic}
   size_t MarkStackSize                            = 4194304                                   {product} {ergonomic}
   size_t MaxHeapSize                              = 4271898624                                {product} {ergonomic}
   size_t MinHeapDeltaBytes                        = 1048576                                   {product} {ergonomic}
   size_t MinHeapSize                              = 8388608                                   {product} {ergonomic}
    uintx NonNMethodCodeHeapSize                   = 5832780                                {pd product} {ergonomic}
    uintx NonProfiledCodeHeapSize                  = 122912730                              {pd product} {ergonomic}
    uintx ProfiledCodeHeapSize                     = 122912730                              {pd product} {ergonomic}
    uintx ReservedCodeCacheSize                    = 251658240                              {pd product} {ergonomic}
     bool SegmentedCodeCache                       = true                                      {product} {ergonomic}
     bool ShowCodeDetailsInExceptionMessages       = true                                   {manageable} {command line}
   size_t SoftMaxHeapSize                          = 4271898624                             {manageable} {ergonomic}
     bool UseCompressedClassPointers               = true                                 {lp64_product} {ergonomic}
     bool UseCompressedOops                        = true                                 {lp64_product} {ergonomic}
     bool UseG1GC                                  = true                                      {product} {ergonomic}
     bool UseLargePagesIndividualAllocation        = false                                  {pd product} {ergonomic}

Logging:
Log output configuration:
 #0: stdout all=warning uptime,level,tags
 #1: stderr all=off uptime,level,tags

Environment Variables:
PATH=C:/Users/sc/.p2/pool/plugins/org.eclipse.justj.openjdk.hotspot.jre.full.win32.x86_64_15.0.1.v20201027-0507/jre/bin/server;C:/Users/sc/.p2/pool/plugins/org.eclipse.justj.openjdk.hotspot.jre.full.win32.x86_64_15.0.1.v20201027-0507/jre/bin;C:\Program Files (x86)\Common Files\Oracle\Java\javapath;C:\Windows\system32;C:\Windows;C:\Windows\System32\Wbem;C:\Windows\System32\WindowsPowerShell\v1.0\;C:\Windows\System32\OpenSSH\;C:\Program Files (x86)\NVIDIA Corporation\PhysX\Common;C:\Program Files\NVIDIA Corporation\NVIDIA NvDLISR;C:\Program Files (x86)\Intel\Intel(R) Management Engine Components\DAL;C:\Program Files\Intel\Intel(R) Management Engine Components\DAL;C:\Users\sc\AppData\Local\Programs\Python\Python37-32;C:\Users\sc\AppData\Local\Programs\Python\Python37-32\Scripts;C:\WINDOWS\system32;C:\WINDOWS;C:\WINDOWS\System32\Wbem;C:\WINDOWS\System32\WindowsPowerShell\v1.0\;C:\WINDOWS\System32\OpenSSH\;C:\Program Files\dotnet\;C:\Program Files\Microsoft SQL Server\130\Tools\Binn\;C:\Program Files\Microsoft SQL Server\Client SDK\ODBC\170\Tools\Binn\;C:\Users\sc\AppData\Local\Microsoft\WindowsApps;C:\Users\sc\.dotnet\tools;C:\WINDOWS\system32;
USERNAME=sc
OS=Windows_NT
PROCESSOR_IDENTIFIER=Intel64 Family 6 Model 158 Stepping 12, GenuineIntel



---------------  S Y S T E M  ---------------

OS: Windows 10 , 64 bit Build 18362 (10.0.18362.1110)
OS uptime: 0 days 6:01 hours

CPU:total 6 (initial active 6) (6 cores per cpu, 1 threads per core) family 6 model 158 stepping 12, cmov, cx8, fxsr, mmx, sse, sse2, sse3, ssse3, sse4.1, sse4.2, popcnt, avx, avx2, aes, clmul, erms, rtm, 3dnowpref, lzcnt, tsc, tscinvbit, bmi1, bmi2, adx, fma

Memory: 4k page, system-wide physical 16295M (7537M free)
TotalPageFile size 26219M (AvailPageFile size 187M)
current process WorkingSet (physical memory assigned to process): 10M, peak: 10M
current process commit charge ("private bytes"): 57M, peak: 313M

vm_info: OpenJDK 64-Bit Server VM (14.0.2+12-46) for windows-amd64 JRE (14.0.2+12-46), built on Jul  9 2020 00:31:16 by "mach5one" with MS VC++ 15.9 (VS2017)

END.
